<?xml version="1.0" encoding="UTF-8" ?>
<testsuite tests="1" failures="0" name="com.func.maven.test.MavenTest" time="0" errors="0" skipped="0">
  <properties>
    <property name="idea.version" value="2023.3.4"/>
    <property name="java.runtime.name" value="Java(TM) SE Runtime Environment"/>
    <property name="java.vm.version" value="17.0.12+8-LTS-286"/>
    <property name="sun.boot.library.path" value="C:\Program Files\Java\jdk-17\bin"/>
    <property name="maven.multiModuleProjectDirectory" value="D:\Note\Java\Maven\code\maven_test\maven_web"/>
    <property name="java.vm.vendor" value="Oracle Corporation"/>
    <property name="java.vendor.url" value="https://java.oracle.com/"/>
    <property name="guice.disable.misplaced.annotation.check" value="true"/>
    <property name="path.separator" value=";"/>
    <property name="java.vm.name" value="Java HotSpot(TM) 64-Bit Server VM"/>
    <property name="sun.os.patch.level" value=""/>
    <property name="user.script" value=""/>
    <property name="user.country" value="CN"/>
    <property name="sun.java.launcher" value="SUN_STANDARD"/>
    <property name="java.vm.specification.name" value="Java Virtual Machine Specification"/>
    <property name="user.dir" value="D:\Note\Java\Maven\code\maven_test\maven_web"/>
    <property name="java.vm.compressedOopsMode" value="Zero based"/>
    <property name="java.runtime.version" value="17.0.12+8-LTS-286"/>
    <property name="os.arch" value="amd64"/>
    <property name="java.io.tmpdir" value="C:\Users\Administrator\AppData\Local\Temp\"/>
    <property name="line.separator" value="
"/>
    <property name="java.vm.specification.vendor" value="Oracle Corporation"/>
    <property name="user.variant" value=""/>
    <property name="os.name" value="Windows 11"/>
    <property name="maven.ext.class.path" value="E:\IntelliJ IDEA 2023.3.4\plugins\maven\lib\maven-event-listener.jar"/>
    <property name="classworlds.conf" value="E:\study4java\apache-maven-3.8.8-bin\apache-maven-3.8.8\bin\m2.conf"/>
    <property name="sun.jnu.encoding" value="GBK"/>
    <property name="java.library.path" value="C:\Program Files\Java\jdk-17\bin;C:\Windows\Sun\Java\bin;C:\Windows\system32;C:\Windows;C:\Program Files\Common Files\Oracle\Java\javapath;C:\Program Files (x86)\Common Files\Oracle\Java\java8path;C:\Program Files (x86)\Common Files\Oracle\Java\javapath;C:\Program Files\Python311\Scripts\;C:\Program Files\Python311\;C:\Program Files\Microsoft\jdk-11.0.16.101-hotspot\bin;C:\Windows\system32;C:\Windows;C:\Windows\System32\Wbem;C:\Windows\System32\WindowsPowerShell\v1.0\;C:\Windows\System32\OpenSSH\;E:\Microsoft VS Code\bin;C:\Program Files\Microsoft SQL Server\150\Tools\Binn\;C:\Program Files\Microsoft SQL Server\Client SDK\ODBC\170\Tools\Binn\;C:\Program Files\nodejs\;C:\Program Files (x86)\Windows Kits\10\Windows Performance Toolkit\;C:\Program Files (x86)\Pandoc\;C:\Infineon\LauncherService;E:\MYSQL\bin;C:\Program Files\dotnet\;C:\Program Files\Docker\Docker\resources\bin;C:\Program Files\HDF_Group\HDF5\1.12.3\bin\;F:\Microsoft Edge downroad\hdf5-1.14.4-2-win-vs2022_intel\hdf5\HDF5-1.14.4-win64\HDF5-1.14.4-win64;C:\Program Files\Git\bin;D:\Neovim\bin;C:\Program Files (x86)\NVIDIA Corporation\PhysX\Common;C:\Program Files\NVIDIA Corporation\NVIDIA app\NvDLISR;C:\Users\Administrator\AppData\Local\Programs\Python\Python38\Scripts\;C:\Users\Administrator\AppData\Local\Programs\Python\Python38\;C:\Users\Administrator\AppData\Local\Programs\Python\Python37\Scripts\;C:\Users\Administrator\AppData\Local\Programs\Python\Python37\;C:\Users\Administrator\AppData\Local\Microsoft\WindowsApps;E:\winlibs-x86_64-posix-seh-gcc-13.2.0-llvm-17.0.6-mingw-w64ucrt-11.0.1-r5\mingw64\bin;E:\新建文件夹\PyCharm 2024.1\bin;;C:\Users\Administrator\AppData\Roaming\Python\Scripts;C:\Users\Administrator\AppData\Roaming\npm;C:\Users\Administrator\.dotnet\tools;E:\commandlinetools-win-11076708_latest\SDK\platform-tools;C:\Program Files\MySQL\MySQL Server 8.0\bin;E:\IntelliJ IDEA 2023.3.4\bin;;E:\CLion 2023.3.4\bin;;E:\OpenCV\opencv\build\x64\vc16\bin;E:\w64devkit-1.20.0\w64devkit\bin;E:\swigwin-4.2.1\swigwin-4.2.1;F:\Microsoft Edge downroad\hdf5-1.14.4-2-win-vs2022_intel\hdf5\HDF5-1.14.4-win64\HDF5-1.14.4-win64;C:\Users\Administrator\AppData\Local\Programs\oh-my-posh\bin;C:\Program Files\Git\bin;C:\Program Files\Java\jdk-17\bin;C:\intelFPGA_lite\18.1\modelsim_ase\win32aloem;E:\w64devkit-1.20.0\w64devkit\bin;E:\mingw64\bin;C:\intelFPGA\20.1\modelsim_ase\win32aloem;E:\Typora\Typora.exe;C:\Program Files\Java\jdk-17\bin;E:\study4java\apache-maven-3.8.8-bin\apache-maven-3.8.8\bin;;."/>
    <property name="jansi.passthrough" value="true"/>
    <property name="maven.conf" value="E:\study4java\apache-maven-3.8.8-bin\apache-maven-3.8.8/conf"/>
    <property name="jdk.debug" value="release"/>
    <property name="java.class.version" value="61.0"/>
    <property name="java.specification.name" value="Java Platform API Specification"/>
    <property name="sun.management.compiler" value="HotSpot 64-Bit Tiered Compilers"/>
    <property name="os.version" value="10.0"/>
    <property name="user.home" value="C:\Users\Administrator"/>
    <property name="user.timezone" value="Asia/Shanghai"/>
    <property name="file.encoding" value="UTF-8"/>
    <property name="java.specification.version" value="17"/>
    <property name="user.name" value="Administrator"/>
    <property name="java.class.path" value="E:\study4java\apache-maven-3.8.8-bin\apache-maven-3.8.8\boot\plexus-classworlds-2.6.0.jar;E:\study4java\apache-maven-3.8.8-bin\apache-maven-3.8.8\boot\plexus-classworlds.license"/>
    <property name="java.vm.specification.version" value="17"/>
    <property name="sun.arch.data.model" value="64"/>
    <property name="sun.java.command" value="org.codehaus.classworlds.Launcher -Didea.version=2023.3.4 -s E:\study4java\apache-maven-3.8.8-bin\apache-maven-3.8.8\conf\settings.xml package -P jdk-17"/>
    <property name="java.home" value="C:\Program Files\Java\jdk-17"/>
    <property name="user.language" value="zh"/>
    <property name="java.specification.vendor" value="Oracle Corporation"/>
    <property name="java.vm.info" value="mixed mode, sharing"/>
    <property name="java.version" value="17.0.12"/>
    <property name="native.encoding" value="GBK"/>
    <property name="java.vendor" value="Oracle Corporation"/>
    <property name="maven.home" value="E:\study4java\apache-maven-3.8.8-bin\apache-maven-3.8.8"/>
    <property name="file.separator" value="\"/>
    <property name="java.version.date" value="2024-07-16"/>
    <property name="java.vendor.url.bug" value="https://bugreport.java.com/bugreport/"/>
    <property name="sun.io.unicode.encoding" value="UnicodeLittle"/>
    <property name="sun.cpu.endian" value="little"/>
    <property name="sun.cpu.isalist" value="amd64"/>
  </properties>
  <testcase classname="com.func.maven.test.MavenTest" name="com.func.maven.test.MavenTest.testAssert" time="0"/>
</testsuite>